Jul 12, 2025 5:13:15 PM Utils.LoggerManager info
INFO: Logger initialized successfully.
Jul 12, 2025 5:13:15 PM Utils.LoggerManager info
INFO: Game Started with 2 players.
Jul 12, 2025 5:13:15 PM Utils.LoggerManager info
INFO: Turn started for player 'Player 1 (Blue)'.
Jul 12, 2025 5:13:15 PM Utils.LoggerManager info
INFO: Player 'Player 1 (Blue)' collected 8 gold and 5 food.
Jul 12, 2025 5:13:28 PM Utils.LoggerManager info
INFO: Player 'Player 1 (Blue)' built a BARRACK.
Jul 12, 2025 5:13:31 PM Utils.LoggerManager info
INFO: Player 'Player 1 (Blue)' produced a PEASANT.
Jul 12, 2025 5:13:34 PM Utils.LoggerManager info
INFO: Unit Peasant moved to (1,2).
Jul 12, 2025 5:13:35 PM Utils.LoggerManager info
INFO: Unit Peasant moved to (2,2).
Jul 12, 2025 5:13:36 PM Utils.LoggerManager info
INFO: Unit Peasant moved to (3,2).
Jul 12, 2025 5:13:39 PM Utils.LoggerManager info
INFO: Unit Peasant moved to (3,3).
Jul 12, 2025 5:13:40 PM Utils.LoggerManager info
INFO: Unit Peasant moved to (4,3).
Jul 12, 2025 5:13:42 PM Utils.LoggerManager info
INFO: Unit Peasant moved to (5,3).
Jul 12, 2025 5:13:43 PM Utils.LoggerManager info
INFO: Unit Peasant moved to (5,4).
Jul 12, 2025 5:13:44 PM Utils.LoggerManager info
INFO: Unit Peasant moved to (6,4).
Jul 12, 2025 5:13:45 PM Utils.LoggerManager info
INFO: Unit Peasant moved to (6,5).
Jul 12, 2025 5:13:46 PM Utils.LoggerManager info
INFO: Unit Peasant moved to (7,5).
Jul 12, 2025 5:13:47 PM Utils.LoggerManager info
INFO: Unit Peasant moved to (7,6).
Jul 12, 2025 5:13:49 PM Utils.LoggerManager info
INFO: Unit Peasant moved to (8,6).
Jul 12, 2025 5:13:50 PM Utils.LoggerManager info
INFO: Unit Peasant moved to (8,7).
Jul 12, 2025 5:13:53 PM Utils.LoggerManager info
INFO: Peasant attacked TownHall for 1 damage.
Jul 12, 2025 5:13:54 PM Utils.LoggerManager info
INFO: Peasant attacked TownHall for 1 damage.
Jul 12, 2025 5:13:56 PM Utils.LoggerManager info
INFO: Player 'Player 1 (Blue)' ended their turn.
Jul 12, 2025 5:13:56 PM Utils.LoggerManager info
INFO: Turn started for player 'Player 2 (Red)'.
Jul 12, 2025 5:13:56 PM Utils.LoggerManager info
INFO: Player 'Player 2 (Red)' collected 7 gold and 5 food.
Jul 12, 2025 6:43:31 PM Utils.LoggerManager info
INFO: Logger initialized successfully.
Jul 12, 2025 6:43:32 PM Utils.LoggerManager info
INFO: Game Started with 2 players.
Jul 12, 2025 6:43:32 PM Utils.LoggerManager info
INFO: Turn started for player 'Player 1 (Blue)'.
Jul 12, 2025 6:43:32 PM Utils.LoggerManager info
INFO: Player 'Player 1 (Blue)' collected 8 gold and 5 food.
Jul 12, 2025 6:43:37 PM Utils.LoggerManager info
INFO: Player 'Player 1 (Blue)' built a FARM.
Jul 12, 2025 6:43:42 PM Utils.LoggerManager info
INFO: Player 'Player 1 (Blue)' produced a SPEARMAN.
Jul 12, 2025 6:43:43 PM Utils.LoggerManager info
INFO: Unit Spearman moved to (3,1).
Jul 12, 2025 6:43:58 PM Utils.LoggerManager info
INFO: Unit Spearman moved to (4,1).
Jul 12, 2025 6:44:00 PM Utils.LoggerManager info
INFO: Unit Spearman moved to (4,2).
Jul 12, 2025 6:44:01 PM Utils.LoggerManager info
INFO: Unit Spearman moved to (4,3).
Jul 12, 2025 6:44:01 PM Utils.LoggerManager info
INFO: Player 'Player 1 (Blue)' ended their turn.
Jul 12, 2025 6:44:01 PM Utils.LoggerManager info
INFO: Turn started for player 'Player 2 (Red)'.
Jul 12, 2025 6:44:01 PM Utils.LoggerManager info
INFO: Player 'Player 2 (Red)' collected 8 gold and 5 food.
Jul 12, 2025 6:44:08 PM Utils.LoggerManager info
INFO: Player 'Player 2 (Red)' produced a PEASANT.
Jul 12, 2025 6:44:09 PM Utils.LoggerManager info
INFO: Unit Peasant moved to (7,7).
Jul 12, 2025 6:44:10 PM Utils.LoggerManager info
INFO: Unit Peasant moved to (7,6).
Jul 12, 2025 6:44:10 PM Utils.LoggerManager info
INFO: Unit Peasant moved to (7,5).
Jul 12, 2025 6:44:12 PM Utils.LoggerManager info
INFO: Unit Peasant moved to (6,5).
Jul 12, 2025 6:44:13 PM Utils.LoggerManager info
INFO: Unit Peasant moved to (5,5).
Jul 12, 2025 6:44:13 PM Utils.LoggerManager info
INFO: Unit Peasant moved to (5,4).
Jul 12, 2025 6:44:14 PM Utils.LoggerManager info
INFO: Unit Peasant moved to (4,4).
Jul 12, 2025 6:44:15 PM Utils.LoggerManager info
INFO: Peasant attacked Spearman for 1 damage.
Jul 16, 2025 7:32:06 PM Utils.LoggerManager info
INFO: Logger initialized successfully.
Jul 16, 2025 7:32:06 PM Utils.LoggerManager info
INFO: Game Started with 2 players.
Jul 16, 2025 7:32:06 PM Utils.LoggerManager info
INFO: Turn started for player 'Player 1 (Blue)'.
Jul 16, 2025 7:32:06 PM Utils.LoggerManager info
INFO: Player 'Player 1 (Blue)' collected 8 gold and 5 food.
Jul 16, 2025 7:32:16 PM Utils.LoggerManager info
INFO: Player 'Player 1 (Blue)' built a FARM.
Jul 16, 2025 7:32:17 PM Utils.LoggerManager info
INFO: Player 'Player 1 (Blue)' ended their turn.
Jul 16, 2025 7:32:17 PM Utils.LoggerManager info
INFO: Turn started for player 'Player 2 (Red)'.
Jul 16, 2025 7:32:17 PM Utils.LoggerManager info
INFO: Player 'Player 2 (Red)' collected 8 gold and 5 food.
Jul 16, 2025 7:32:23 PM Utils.LoggerManager info
INFO: Player 'Player 2 (Red)' built a FARM.
Jul 16, 2025 7:32:24 PM Utils.LoggerManager info
INFO: Player 'Player 2 (Red)' ended their turn.
Jul 16, 2025 7:32:24 PM Utils.LoggerManager info
INFO: Turn started for player 'Player 1 (Blue)'.
Jul 16, 2025 7:32:24 PM Utils.LoggerManager info
INFO: Player 'Player 1 (Blue)' collected 8 gold and 10 food.
Jul 16, 2025 7:32:31 PM Utils.LoggerManager info
INFO: Player 'Player 1 (Blue)' built a MARKET.
Jul 16, 2025 7:32:34 PM Utils.LoggerManager info
INFO: Player 'Player 1 (Blue)' ended their turn.
Jul 16, 2025 7:32:34 PM Utils.LoggerManager info
INFO: Turn started for player 'Player 2 (Red)'.
Jul 16, 2025 7:32:34 PM Utils.LoggerManager info
INFO: Player 'Player 2 (Red)' collected 8 gold and 10 food.
Jul 16, 2025 7:32:38 PM Utils.LoggerManager info
INFO: Player 'Player 2 (Red)' built a TOWER.
Jul 16, 2025 7:32:39 PM Utils.LoggerManager info
INFO: Player 'Player 2 (Red)' ended their turn.
Jul 16, 2025 7:32:39 PM Utils.LoggerManager warning
WARNING: Player 'Player 2 (Red)' could not afford maintenance costs.
Jul 16, 2025 7:32:39 PM Utils.LoggerManager warning
WARNING: Units are deserting due to lack of payment for player 'Player 2 (Red)'.
Jul 16, 2025 7:32:39 PM Utils.LoggerManager info
INFO: Turn started for player 'Player 1 (Blue)'.
Jul 16, 2025 7:32:39 PM Utils.LoggerManager info
INFO: Player 'Player 1 (Blue)' collected 13 gold and 10 food.
Jul 16, 2025 7:32:45 PM Utils.LoggerManager info
INFO: Player 'Player 1 (Blue)' produced a SPEARMAN.
Jul 16, 2025 7:32:55 PM Utils.LoggerManager info
INFO: Player 'Player 1 (Blue)' ended their turn.
Jul 16, 2025 7:32:55 PM Utils.LoggerManager info
INFO: Turn started for player 'Player 2 (Red)'.
Jul 16, 2025 7:32:55 PM Utils.LoggerManager info
INFO: Player 'Player 2 (Red)' collected 8 gold and 10 food.
Jul 16, 2025 7:33:11 PM Utils.LoggerManager info
INFO: Player 'Player 2 (Red)' ended their turn.
Jul 16, 2025 7:33:11 PM Utils.LoggerManager info
INFO: Turn started for player 'Player 1 (Blue)'.
Jul 16, 2025 7:33:11 PM Utils.LoggerManager info
INFO: Player 'Player 1 (Blue)' collected 13 gold and 10 food.
Jul 16, 2025 7:33:26 PM Utils.LoggerManager info
INFO: Unit Spearman moved to (1,1).
Jul 16, 2025 7:33:34 PM Utils.LoggerManager info
INFO: Player 'Player 1 (Blue)' produced a PEASANT.
Jul 16, 2025 9:00:58 PM Utils.LoggerManager info
INFO: Logger initialized successfully.
Jul 16, 2025 9:00:59 PM Utils.LoggerManager severe
SEVERE: Application startup failed: Cannot invoke "javax.swing.JLabel.setText(String)" because "this.turnTimerLabel" is null
Jul 16, 2025 9:01:09 PM Utils.LoggerManager info
INFO: Logger initialized successfully.
Jul 16, 2025 9:01:10 PM Utils.LoggerManager severe
SEVERE: Application startup failed: Cannot invoke "javax.swing.JLabel.setText(String)" because "this.turnTimerLabel" is null
Jul 16, 2025 9:01:31 PM Utils.LoggerManager info
INFO: Logger initialized successfully.
Jul 16, 2025 9:01:32 PM Utils.LoggerManager severe
SEVERE: Application startup failed: Cannot invoke "javax.swing.JLabel.setText(String)" because "this.turnTimerLabel" is null
Jul 16, 2025 9:11:15 PM Utils.LoggerManager info
INFO: Logger initialized successfully.
Jul 16, 2025 9:15:16 PM Utils.LoggerManager info
INFO: Logger initialized successfully.
Jul 16, 2025 10:29:46 PM Utils.LoggerManager info
INFO: Logger initialized successfully.
Jul 16, 2025 10:30:51 PM Utils.LoggerManager info
INFO: Logger initialized successfully.
Jul 17, 2025 12:25:32 AM Utils.LoggerManager info
INFO: Logger initialized successfully.
Jul 17, 2025 12:26:33 AM Utils.LoggerManager info
INFO: Logger initialized successfully.
Jul 17, 2025 12:29:31 AM Utils.LoggerManager info
INFO: Logger initialized successfully.
Jul 17, 2025 12:30:42 AM Utils.LoggerManager info
INFO: Logger initialized successfully.
Jul 17, 2025 12:46:17 AM Utils.LoggerManager info
INFO: Logger initialized successfully.
Jul 17, 2025 12:47:27 AM Utils.LoggerManager info
INFO: Logger initialized successfully.
Jul 17, 2025 12:47:33 AM Utils.LoggerManager severe
SEVERE: Failed to load game.: java.lang.NullPointerException: Cannot invoke "java.util.List.contains(Object)" because "this.ownedBlocks" is null
Jul 17, 2025 12:48:00 AM Utils.LoggerManager info
INFO: Logger initialized successfully.
Jul 17, 2025 12:48:06 AM Utils.LoggerManager severe
SEVERE: Failed to load game.: java.lang.NullPointerException: Cannot invoke "java.util.List.contains(Object)" because "this.ownedBlocks" is null
Jul 18, 2025 7:34:31 PM Utils.LoggerManager info
INFO: Logger initialized successfully.
Jul 18, 2025 7:35:27 PM Utils.LoggerManager severe
SEVERE: Failed to load game.: java.lang.NullPointerException: Cannot invoke "java.util.List.contains(Object)" because "this.ownedBlocks" is null
Jul 18, 2025 7:38:03 PM Utils.LoggerManager info
INFO: Logger initialized successfully.
Jul 18, 2025 7:38:09 PM Utils.LoggerManager severe
SEVERE: Failed to load game.: java.lang.NullPointerException: Cannot invoke "java.util.List.contains(Object)" because "this.ownedBlocks" is null
Jul 18, 2025 7:38:18 PM Utils.LoggerManager severe
SEVERE: Failed to load game.: java.lang.NullPointerException: Cannot invoke "java.util.List.contains(Object)" because "this.ownedBlocks" is null
Jul 18, 2025 7:38:30 PM Utils.LoggerManager severe
SEVERE: Failed to load game.: java.lang.NullPointerException: Cannot invoke "java.util.List.contains(Object)" because "this.ownedBlocks" is null
Jul 18, 2025 7:42:21 PM Utils.LoggerManager info
INFO: Logger initialized successfully.
Jul 18, 2025 7:42:28 PM Utils.LoggerManager info
INFO: Logger initialized successfully.
Jul 18, 2025 7:44:17 PM Utils.LoggerManager info
INFO: Logger initialized successfully.
Jul 18, 2025 7:44:25 PM Utils.LoggerManager severe
SEVERE: Failed to load game.: java.lang.NullPointerException: Cannot invoke "java.util.List.contains(Object)" because "this.ownedBlocks" is null
Jul 18, 2025 7:44:49 PM Utils.LoggerManager info
INFO: Logger initialized successfully.
Jul 18, 2025 7:44:57 PM Utils.LoggerManager severe
SEVERE: Failed to load game.: java.lang.NullPointerException: Cannot invoke "java.util.List.contains(Object)" because "this.ownedBlocks" is null
Jul 18, 2025 7:45:02 PM Utils.LoggerManager severe
SEVERE: Failed to load game.: java.lang.NullPointerException: Cannot invoke "java.util.List.contains(Object)" because "this.ownedBlocks" is null
Jul 18, 2025 7:47:42 PM Utils.LoggerManager info
INFO: Logger initialized successfully.
Jul 18, 2025 7:50:57 PM Utils.LoggerManager info
INFO: Logger initialized successfully.
Jul 18, 2025 7:51:21 PM Utils.LoggerManager severe
SEVERE: Failed to load game.: java.lang.NullPointerException: Cannot invoke "java.util.List.contains(Object)" because "this.ownedBlocks" is null
Jul 18, 2025 7:54:35 PM Utils.LoggerManager info
INFO: Logger initialized successfully.
Jul 18, 2025 7:55:28 PM Utils.LoggerManager info
INFO: Logger initialized successfully.
Jul 18, 2025 7:55:34 PM Utils.LoggerManager severe
SEVERE: Failed to load game.: java.lang.NullPointerException: Cannot invoke "java.util.List.clear()" because the return value of "Game.Player.getOwnedBlocks()" is null
Jul 18, 2025 8:10:22 PM Utils.LoggerManager info
INFO: Logger initialized successfully.
Jul 18, 2025 8:10:27 PM Utils.LoggerManager severe
SEVERE: Failed to load game.: java.lang.NullPointerException: Cannot invoke "java.util.List.clear()" because the return value of "Game.Player.getOwnedBlocks()" is null
Jul 18, 2025 8:10:57 PM Utils.LoggerManager info
INFO: Logger initialized successfully.
Jul 18, 2025 8:11:07 PM Utils.LoggerManager severe
SEVERE: Failed to load game.: java.lang.NullPointerException: Cannot invoke "java.util.List.clear()" because the return value of "Game.Player.getOwnedBlocks()" is null
Jul 18, 2025 8:21:42 PM Utils.LoggerManager info
INFO: Logger initialized successfully.
Jul 18, 2025 8:21:49 PM Utils.LoggerManager severe
SEVERE: Failed to load game.: java.lang.NullPointerException: Cannot invoke "java.util.List.contains(Object)" because "this.ownedBlocks" is null
Jul 18, 2025 8:22:16 PM Utils.LoggerManager severe
SEVERE: Failed to load game.: java.lang.NullPointerException: Cannot invoke "java.util.List.contains(Object)" because "this.ownedBlocks" is null
Jul 18, 2025 8:26:55 PM Utils.LoggerManager info
INFO: Logger initialized successfully.
Jul 18, 2025 8:28:20 PM Utils.LoggerManager info
INFO: Logger initialized successfully.
Jul 18, 2025 8:28:31 PM Utils.LoggerManager severe
SEVERE: Failed to load game.: java.lang.NullPointerException: Cannot invoke "java.util.List.contains(Object)" because "this.ownedBlocks" is null
Jul 18, 2025 8:28:50 PM Utils.LoggerManager info
INFO: Logger initialized successfully.
Jul 18, 2025 8:28:53 PM Utils.LoggerManager info
INFO: Logger initialized successfully.
Jul 18, 2025 8:28:58 PM Utils.LoggerManager severe
SEVERE: Failed to load game.: java.lang.NullPointerException: Cannot invoke "java.util.List.contains(Object)" because "this.ownedBlocks" is null
Jul 18, 2025 8:31:30 PM Utils.LoggerManager info
INFO: Logger initialized successfully.
Jul 18, 2025 8:31:42 PM Utils.LoggerManager info
INFO: Game state successfully relinked after load.
Jul 18, 2025 8:32:52 PM Utils.LoggerManager info
INFO: Logger initialized successfully.
Jul 18, 2025 8:33:01 PM Utils.LoggerManager info
INFO: Game state successfully relinked after load.
Jul 18, 2025 8:33:14 PM Utils.LoggerManager info
INFO: Game state successfully relinked after load.
Jul 18, 2025 8:33:55 PM Utils.LoggerManager info
INFO: Game state successfully relinked after load.
Jul 18, 2025 8:34:23 PM Utils.LoggerManager info
INFO: Game state successfully relinked after load.
Jul 18, 2025 8:34:49 PM Utils.LoggerManager info
INFO: Game state successfully relinked after load.
Jul 18, 2025 8:34:55 PM Utils.LoggerManager info
INFO: Game state successfully relinked after load.
Jul 18, 2025 8:56:25 PM Utils.LoggerManager info
INFO: Logger initialized successfully.
Jul 18, 2025 8:56:25 PM Utils.LoggerManager severe
SEVERE: Application failed to start.: java.lang.RuntimeException: Error initializing the database!
Jul 18, 2025 8:56:38 PM Utils.LoggerManager info
INFO: Logger initialized successfully.
Jul 18, 2025 8:56:38 PM Utils.LoggerManager severe
SEVERE: Application failed to start.: java.lang.RuntimeException: Error initializing the database!
Jul 18, 2025 8:56:49 PM Utils.LoggerManager info
INFO: Logger initialized successfully.
Jul 18, 2025 8:56:49 PM Utils.LoggerManager severe
SEVERE: Application failed to start.: java.lang.RuntimeException: Error initializing the database!
Jul 18, 2025 8:57:12 PM Utils.LoggerManager info
INFO: Logger initialized successfully.
Jul 18, 2025 8:57:23 PM Utils.LoggerManager info
INFO: Game state successfully relinked after load.
